# JRE version: Java(TM) SE Runtime Environment (12.0.2+10) (build 12.0.2+10)
# Java VM: Java HotSpot(TM) 64-Bit Server VM (12.0.2+10, mixed mode, sharing, tiered, compressed oops, g1 gc, windows-amd64)
Heap:
 garbage-first heap   total 196608K, used 9756K [0x0000000741400000, 0x0000000800000000)
  region size 1024K, 6 young (6144K), 6 survivors (6144K)
 Metaspace       used 16232K, capacity 16880K, committed 17024K, reserved 1077248K
  class space    used 2195K, capacity 2412K, committed 2432K, reserved 1048576K
GC Heap History (8 events):
Event: 1.435 GC heap before
{Heap before GC invocations=0 (full 0):
 garbage-first heap   total 196608K, used 24576K [0x0000000741400000, 0x0000000800000000)
  region size 1024K, 24 young (24576K), 0 survivors (0K)
 Metaspace       used 6191K, capacity 6558K, committed 6912K, reserved 1056768K
  class space    used 769K, capacity 902K, committed 1024K, reserved 1048576K
}
Event: 1.442 GC heap after
{Heap after GC invocations=1 (full 0):
 garbage-first heap   total 196608K, used 6922K [0x0000000741400000, 0x0000000800000000)
  region size 1024K, 3 young (3072K), 3 survivors (3072K)
 Metaspace       used 6191K, capacity 6558K, committed 6912K, reserved 1056768K
  class space    used 769K, capacity 902K, committed 1024K, reserved 1048576K
}
Event: 1.607 GC heap before
{Heap before GC invocations=1 (full 0):
 garbage-first heap   total 196608K, used 46858K [0x0000000741400000, 0x0000000800000000)
  region size 1024K, 43 young (44032K), 3 survivors (3072K)
 Metaspace       used 7261K, capacity 7580K, committed 7808K, reserved 1056768K
  class space    used 932K, capacity 1048K, committed 1152K, reserved 1048576K
}
Event: 1.614 GC heap after
{Heap after GC invocations=2 (full 0):
 garbage-first heap   total 196608K, used 7471K [0x0000000741400000, 0x0000000800000000)
  region size 1024K, 4 young (4096K), 4 survivors (4096K)
 Metaspace       used 7261K, capacity 7580K, committed 7808K, reserved 1056768K
  class space    used 932K, capacity 1048K, committed 1152K, reserved 1048576K
}
Event: 1.906 GC heap before
{Heap before GC invocations=2 (full 0):
 garbage-first heap   total 196608K, used 61743K [0x0000000741400000, 0x0000000800000000)
  region size 1024K, 58 young (59392K), 4 survivors (4096K)
 Metaspace       used 15043K, capacity 15631K, committed 15872K, reserved 1071104K
  class space    used 2065K, capacity 2297K, committed 2304K, reserved 1048576K
}
Event: 1.910 GC heap after
{Heap after GC invocations=3 (full 0):
 garbage-first heap   total 196608K, used 9470K [0x0000000741400000, 0x0000000800000000)
  region size 1024K, 6 young (6144K), 6 survivors (6144K)
 Metaspace       used 15043K, capacity 15631K, committed 15872K, reserved 1071104K
  class space    used 2065K, capacity 2297K, committed 2304K, reserved 1048576K
}
Event: 2.093 GC heap before
{Heap before GC invocations=3 (full 0):
 garbage-first heap   total 196608K, used 16638K [0x0000000741400000, 0x0000000800000000)
  region size 1024K, 14 young (14336K), 6 survivors (6144K)
 Metaspace       used 16232K, capacity 16880K, committed 17024K, reserved 1077248K
  class space    used 2195K, capacity 2412K, committed 2432K, reserved 1048576K
}
Event: 2.110 GC heap after
{Heap after GC invocations=4 (full 0):
 garbage-first heap   total 196608K, used 9756K [0x0000000741400000, 0x0000000800000000)
  region size 1024K, 6 young (6144K), 6 survivors (6144K)
 Metaspace       used 16232K, capacity 16880K, committed 17024K, reserved 1077248K
  class space    used 2195K, capacity 2412K, committed 2432K, reserved 1048576K
}

